<?xml version="1.0" encoding="UTF-8"?>
<testng-results skipped="0" failed="0" ignored="0" total="1" passed="1">
  <reporter-output>
  </reporter-output>
  <suite name="Suite" duration-ms="22641" started-at="2021-06-23T10:51:42Z" finished-at="2021-06-23T10:52:04Z">
    <groups>
      <group name="cucumber">
        <method signature="AbstractTestNGCucumberTests.runScenario(io.cucumber.testng.PickleWrapper, io.cucumber.testng.FeatureWrapper)[pri:0, instance:Parallel.ParallelRun@4e9ba398]" name="runScenario" class="io.cucumber.testng.AbstractTestNGCucumberTests"/>
      </group> <!-- cucumber -->
    </groups>
    <test name="Test" duration-ms="22641" started-at="2021-06-23T10:51:42Z" finished-at="2021-06-23T10:52:04Z">
      <class name="Parallel.ParallelRun">
        <test-method status="PASS" signature="setUpClass()[pri:0, instance:Parallel.ParallelRun@4e9ba398]" name="setUpClass" is-config="true" duration-ms="722" started-at="2021-06-23T16:21:42Z" finished-at="2021-06-23T16:21:42Z">
          <reporter-output>
          </reporter-output>
        </test-method> <!-- setUpClass -->
        <test-method status="PASS" signature="runScenario(io.cucumber.testng.PickleWrapper, io.cucumber.testng.FeatureWrapper)[pri:0, instance:Parallel.ParallelRun@4e9ba398]" name="runScenario" duration-ms="18958" started-at="2021-06-23T16:21:42Z" description="Runs Cucumber Scenarios" data-provider="scenarios" finished-at="2021-06-23T16:22:01Z">
          <params>
            <param index="0">
              <value>
                <![CDATA["To Validate Preview,Send and Cancel button texts"]]>
              </value>
            </param>
            <param index="1">
              <value>
                <![CDATA["Optional[To validate the Social Hiring Features]"]]>
              </value>
            </param>
          </params>
          <reporter-output>
          </reporter-output>
        </test-method> <!-- runScenario -->
        <test-method status="PASS" signature="tearDownClass()[pri:0, instance:Parallel.ParallelRun@4e9ba398]" name="tearDownClass" is-config="true" duration-ms="2927" started-at="2021-06-23T16:22:01Z" finished-at="2021-06-23T16:22:04Z">
          <reporter-output>
          </reporter-output>
        </test-method> <!-- tearDownClass -->
      </class> <!-- Parallel.ParallelRun -->
    </test> <!-- Test -->
  </suite> <!-- Suite -->
</testng-results>
